<?xml version="1.0" encoding="UTF-8"?>
<!-- Generated by org.testng.reporters.JUnitReportReporter -->
<testsuite hostname="INLPF3L84Z0" failures="0" tests="1" name="releaseClasses.Class2" time="0.005" errors="0" timestamp="2023-08-15T16:12:20 IST" skipped="0">
  <testcase classname="releaseClasses.Class2" name="release2" time="0.005"/>
  <system-out/>
</testsuite> <!-- releaseClasses.Class2 -->
